
2007-10-01 08:39:46 Notice: Notice (8): Undefined variable: pm_sitename in [CORE/app/views/layouts/default.ctp, line 4]
2007-10-01 08:39:46 Notice: Notice (8): Undefined variable: javascript in [CORE/app/views/elements/jsfiles.ctp, line 1]
2007-10-01 08:39:48 Notice: Notice (8): Undefined variable: pm_sitename in [CORE/app/views/layouts/default.ctp, line 4]
2007-10-01 08:39:48 Notice: Notice (8): Undefined variable: javascript in [CORE/app/views/elements/jsfiles.ctp, line 1]
2007-10-01 09:05:52 Notice: Notice (8): Array to string conversion in [CORE/cake/libs/sanitize.php, line 57]
2007-10-01 09:05:52 Notice: Notice (8): Undefined variable: pm_sitename in [CORE/app/views/layouts/default.ctp, line 4]
2007-10-01 09:05:52 Notice: Notice (8): Undefined variable: pm_sitename in [CORE/app/views/layouts/default.ctp, line 18]
2007-10-01 09:06:02 Notice: Notice (8): Array to string conversion in [CORE/cake/libs/sanitize.php, line 57]
2007-10-01 09:06:02 Notice: Notice (8): Undefined variable: pm_sitename in [CORE/app/views/layouts/default.ctp, line 4]
2007-10-01 09:06:02 Notice: Notice (8): Undefined variable: pm_sitename in [CORE/app/views/layouts/default.ctp, line 18]
2007-10-01 09:06:10 Notice: Notice (8): Array to string conversion in [CORE/cake/libs/sanitize.php, line 57]
2007-10-01 09:06:10 Notice: Notice (8): Undefined variable: pm_sitename in [CORE/app/views/layouts/default.ctp, line 4]
2007-10-01 09:06:10 Notice: Notice (8): Undefined variable: pm_sitename in [CORE/app/views/layouts/default.ctp, line 18]
2007-10-01 09:06:46 Notice: Notice (8): Array to string conversion in [CORE/cake/libs/sanitize.php, line 57]
2007-10-01 09:06:46 Notice: Notice (8): Undefined variable: pm_sitename in [CORE/app/views/layouts/default.ctp, line 4]
2007-10-01 09:06:46 Notice: Notice (8): Undefined variable: pm_sitename in [CORE/app/views/layouts/default.ctp, line 18]
2007-10-01 09:07:11 Notice: Notice (8): Array to string conversion in [CORE/cake/libs/sanitize.php, line 57]
2007-10-01 09:07:11 Notice: Notice (8): Undefined variable: pm_sitename in [CORE/app/views/layouts/default.ctp, line 4]
2007-10-01 09:07:11 Notice: Notice (8): Undefined variable: pm_sitename in [CORE/app/views/layouts/default.ctp, line 18]
2007-10-01 09:07:19 Notice: Notice (8): Array to string conversion in [CORE/cake/libs/sanitize.php, line 57]
2007-10-01 09:07:19 Notice: Notice (8): Undefined variable: pm_sitename in [CORE/app/views/layouts/default.ctp, line 4]
2007-10-01 09:07:19 Notice: Notice (8): Undefined variable: pm_sitename in [CORE/app/views/layouts/default.ctp, line 18]
2007-10-01 09:18:39 Notice: Notice (8): Undefined index:  recaptcha_challenge_field in [CORE/app/controllers/pastes_controller.php, line 35]
2007-10-01 09:18:39 Notice: Notice (8): Undefined index:  recaptcha_response_field in [CORE/app/controllers/pastes_controller.php, line 35]
2007-10-01 09:19:01 Notice: Notice (8): Undefined variable: captcha in [CORE/app/controllers/pastes_controller.php, line 36]
2007-10-01 09:19:01 Notice: Notice (8): Undefined variable: captcha in [CORE/app/controllers/pastes_controller.php, line 49]
2007-10-02 09:11:06 Notice: Notice (8): Undefined index:  recaptcha_challenge_field in [CORE/app/controllers/pastes_controller.php, line 42]
2007-10-02 09:11:06 Notice: Notice (8): Undefined index:  recaptcha_response_field in [CORE/app/controllers/pastes_controller.php, line 42]
2007-10-02 18:47:00 Notice: Notice (8): Undefined variable: captcha in [CORE/app/controllers/pastes_controller.php, line 56]
2007-10-02 18:47:04 Notice: Notice (8): Undefined variable: captcha in [CORE/app/controllers/pastes_controller.php, line 56]
2007-10-02 19:07:22 Notice: Notice (8): Undefined variable: error in [CORE/app/views/pastes/edit.ctp, line 26]
2007-10-03 08:07:49 Notice: Notice (8): Undefined variable: modelClass in [CORE/app/views/elements/attachments.ctp, line 22]
2007-10-03 08:07:49 Notice: Notice (8): Undefined variable: data in [CORE/app/views/elements/attachments.ctp, line 22]
2007-10-03 08:07:49 Notice: Notice (8): Undefined variable: modelClass in [CORE/app/views/elements/attachments.ctp, line 25]
2007-10-03 08:07:57 Notice: Notice (8): Undefined variable: modelClass in [CORE/app/views/elements/attachments.ctp, line 22]
2007-10-03 08:07:57 Notice: Notice (8): Undefined variable: data in [CORE/app/views/elements/attachments.ctp, line 22]
2007-10-03 08:07:57 Notice: Notice (8): Undefined variable: modelClass in [CORE/app/views/elements/attachments.ctp, line 25]
2007-10-03 08:08:21 Notice: Notice (8): Undefined variable: modelClass in [CORE/app/views/elements/attachments.ctp, line 22]
2007-10-03 08:08:21 Notice: Notice (8): Undefined variable: data in [CORE/app/views/elements/attachments.ctp, line 22]
2007-10-03 08:08:21 Notice: Notice (8): Undefined variable: modelClass in [CORE/app/views/elements/attachments.ctp, line 25]
2007-10-03 08:09:03 Notice: Notice (8): Undefined variable: modelClass in [CORE/app/views/elements/attachments.ctp, line 22]
2007-10-03 08:09:03 Notice: Notice (8): Undefined variable: data in [CORE/app/views/elements/attachments.ctp, line 22]
2007-10-03 08:09:03 Notice: Notice (8): Undefined variable: modelClass in [CORE/app/views/elements/attachments.ctp, line 25]
2007-10-03 08:12:20 Notice: Notice (8): Undefined variable: modelClass in [CORE/app/views/elements/attachments.ctp, line 22]
2007-10-03 08:12:20 Notice: Notice (8): Undefined variable: data in [CORE/app/views/elements/attachments.ctp, line 22]
2007-10-03 08:12:20 Notice: Notice (8): Undefined variable: modelClass in [CORE/app/views/elements/attachments.ctp, line 25]
2007-10-03 08:13:08 Notice: Notice (8): Undefined variable: modelClass in [CORE/app/views/elements/attachments.ctp, line 22]
2007-10-03 08:13:08 Notice: Notice (8): Undefined variable: data in [CORE/app/views/elements/attachments.ctp, line 22]
2007-10-03 08:13:08 Notice: Notice (8): Undefined variable: modelClass in [CORE/app/views/elements/attachments.ctp, line 25]
2007-10-03 08:20:56 Notice: Notice (8): Undefined variable: page in [CORE/app/controllers/pastes_controller.php, line 158]
2007-10-03 08:37:13 Notice: Notice (8): Undefined variable: HTTP_SERVER_VARS in [CORE/app/views/pastes/view.ctp, line 20]
2007-10-03 08:42:11 Notice: Notice (8): Undefined variable: id2 in [CORE/app/controllers/pastes_controller.php, line 191]
2007-10-05 08:33:59 Notice: Notice (8): Undefined index:  HTTPS in [CORE/app/views/helpers/pastemonkey.php, line 24]
2007-10-05 08:35:32 Notice: Notice (8): Undefined index:  HTTPS in [CORE/app/views/helpers/pastemonkey.php, line 24]
2007-10-05 08:35:35 Notice: Notice (8): Undefined index:  HTTPS in [CORE/app/views/helpers/pastemonkey.php, line 24]
2007-10-05 08:36:35 Notice: Notice (8): Undefined index:  HTTPS in [CORE/app/views/helpers/pastemonkey.php, line 24]
2007-10-05 08:36:44 Notice: Notice (8): Undefined index:  HTTPS in [CORE/app/views/helpers/pastemonkey.php, line 24]
2007-10-05 08:37:02 Notice: Notice (8): Undefined index:  HTTPS in [CORE/app/views/helpers/pastemonkey.php, line 24]
2007-10-05 08:37:34 Notice: Notice (8): Undefined index:  HTTPS in [CORE/app/views/helpers/pastemonkey.php, line 24]
2007-10-05 08:39:08 Notice: Notice (8): Undefined index:  HTTPS in [CORE/app/views/helpers/pastemonkey.php, line 24]
2007-10-05 08:39:17 Notice: Notice (8): Undefined index:  HTTPS in [CORE/app/views/helpers/pastemonkey.php, line 24]
2007-10-05 08:46:01 Notice: Notice (8): Undefined index:  HTTPS in [CORE/app/views/helpers/pastemonkey.php, line 24]
2007-10-05 08:46:16 Notice: Notice (8): Undefined index:  HTTPS in [CORE/app/views/helpers/pastemonkey.php, line 24]
2007-10-05 08:46:29 Notice: Notice (8): Undefined index:  HTTPS in [CORE/app/views/helpers/pastemonkey.php, line 24]
2007-10-05 08:46:33 Notice: Notice (8): Undefined index:  HTTPS in [CORE/app/views/helpers/pastemonkey.php, line 24]
2007-10-05 08:49:35 Notice: Notice (8): Undefined property:  Paste::$Paste in [CORE/app/models/paste.php, line 82]
2007-10-05 08:52:57 Notice: Notice (8): Undefined variable: search in [CORE/app/controllers/pastes_controller.php, line 212]
2007-10-05 08:53:40 Notice: Notice (8): Undefined index:  HTTPS in [CORE/app/views/helpers/pastemonkey.php, line 24]
2007-10-05 08:53:57 Notice: Notice (8): Undefined index:  HTTPS in [CORE/app/views/helpers/pastemonkey.php, line 24]
2007-10-05 08:54:01 Notice: Notice (8): Undefined variable: value in [CORE/app/controllers/pastes_controller.php, line 211]
2007-10-05 08:54:01 Notice: Notice (8): Undefined variable: value in [CORE/app/controllers/pastes_controller.php, line 212]
2007-10-05 19:24:12 Notice: Notice (8): Undefined index:  HTTPS in [CORE/app/views/helpers/pastemonkey.php, line 24]
2007-10-06 15:19:20 Notice: Notice (8): Use of undefined constant void - assumed 'void' in [CORE/app/models/paste.php, line 71]
2007-10-06 15:19:20 Notice: Notice (8): Array to string conversion in [CORE/cake/dispatcher.php, line 617]
2007-10-06 15:19:20 Notice: Notice (8): Array to string conversion in [CORE/cake/dispatcher.php, line 623]
2007-10-06 15:19:20 Notice: Notice (8): Array to string conversion in [CORE/cake/libs/router.php, line 343]
2007-10-06 15:19:22 Notice: Notice (8): Array to string conversion in [CORE/cake/libs/sanitize.php, line 57]
2007-10-06 15:23:11 Notice: Notice (8): Use of undefined constant void - assumed 'void' in [CORE/app/models/paste.php, line 71]
2007-10-06 15:23:11 Notice: Notice (8): Array to string conversion in [CORE/cake/dispatcher.php, line 617]
2007-10-06 15:23:11 Notice: Notice (8): Array to string conversion in [CORE/cake/dispatcher.php, line 623]
2007-10-06 15:23:11 Notice: Notice (8): Array to string conversion in [CORE/cake/libs/router.php, line 343]
2007-10-06 15:23:11 Notice: Notice (8): Array to string conversion in [CORE/cake/libs/sanitize.php, line 57]
2007-10-06 15:31:31 Notice: Notice (8): Undefined index:  HTTPS in [CORE/app/views/helpers/pastemonkey.php, line 24]
2007-10-06 15:31:51 Notice: Notice (8): Array to string conversion in [CORE/cake/dispatcher.php, line 617]
2007-10-06 15:31:51 Notice: Notice (8): Array to string conversion in [CORE/cake/dispatcher.php, line 623]
2007-10-06 15:31:51 Notice: Notice (8): Array to string conversion in [CORE/cake/libs/router.php, line 343]
2007-10-06 15:31:51 Notice: Notice (8): Array to string conversion in [CORE/cake/libs/sanitize.php, line 57]
2007-10-06 15:36:03 Notice: Notice (8): Array to string conversion in [CORE/cake/dispatcher.php, line 617]
2007-10-06 15:36:03 Notice: Notice (8): Array to string conversion in [CORE/cake/dispatcher.php, line 623]
2007-10-06 15:36:03 Notice: Notice (8): Array to string conversion in [CORE/cake/libs/router.php, line 343]
2007-10-06 15:36:03 Notice: Notice (8): Array to string conversion in [CORE/cake/libs/sanitize.php, line 57]
2007-10-06 15:36:54 Notice: Notice (8): Undefined index:  HTTPS in [CORE/app/views/helpers/pastemonkey.php, line 24]
2007-10-06 15:38:22 Notice: Notice (8): Undefined index:  HTTPS in [CORE/app/views/helpers/pastemonkey.php, line 24]
2007-10-06 15:38:38 Notice: Notice (8): Undefined index:  HTTPS in [CORE/app/views/helpers/pastemonkey.php, line 24]
2007-10-06 15:39:20 Notice: Notice (8): Undefined index:  HTTPS in [CORE/app/views/helpers/pastemonkey.php, line 24]
2007-10-06 15:39:34 Notice: Notice (8): Undefined index:  HTTPS in [CORE/app/views/helpers/pastemonkey.php, line 24]
2007-10-06 15:41:18 Notice: Notice (8): Undefined index:  HTTPS in [CORE/app/views/helpers/pastemonkey.php, line 24]
