
2007-10-01 08:40:33 Warning: Warning (512): <span style = "color:Red;text-align:left"><b>SQL Error:</b> 1146: Table 'pastemonkey.cake_sessions' doesn't exist</span> in [CORE/cake/libs/model/datasources/dbo_source.php, line 463]
2007-10-01 08:40:33 Warning: Warning (2): session_start() [<a href='http://php.net/function.session-start'>function.session-start</a>]: Cannot send session cookie - headers already sent by (output started at /home/digitalspaghetti/workspace/pastemonkey/cake/basics.php:893) in [CORE/cake/libs/session.php, line 154]
2007-10-01 08:40:33 Warning: Warning (2): session_start() [<a href='http://php.net/function.session-start'>function.session-start</a>]: Cannot send session cache limiter - headers already sent (output started at /home/digitalspaghetti/workspace/pastemonkey/cake/basics.php:893) in [CORE/cake/libs/session.php, line 154]
2007-10-01 08:40:33 Warning: Warning (2): Cannot modify header information - headers already sent by (output started at /home/digitalspaghetti/workspace/pastemonkey/cake/basics.php:893) in [CORE/cake/libs/session.php, line 155]
2007-10-01 08:40:34 Warning: Warning (512): <span style = "color:Red;text-align:left"><b>SQL Error:</b> 1103: Incorrect table name ' AS '</span> in [CORE/cake/libs/model/datasources/dbo_source.php, line 463]
2007-10-01 08:40:34 Warning: Warning (2): Invalid argument supplied for foreach() in [CORE/app/views/elements/latest.ctp, line 6]
2007-10-01 08:41:09 Warning: Warning (512): <span style = "color:Red;text-align:left"><b>SQL Error:</b> 1103: Incorrect table name ' AS '</span> in [CORE/cake/libs/model/datasources/dbo_source.php, line 463]
2007-10-01 08:41:09 Warning: Warning (2): Invalid argument supplied for foreach() in [CORE/app/views/elements/latest.ctp, line 6]
2007-10-01 09:19:01 Warning: Warning (2): session_start() [<a href='http://php.net/function.session-start'>function.session-start</a>]: Cannot send session cookie - headers already sent by (output started at /home/digitalspaghetti/workspace/pastemonkey/cake/basics.php:747) in [CORE/cake/libs/session.php, line 154]
2007-10-01 09:19:01 Warning: Warning (2): session_start() [<a href='http://php.net/function.session-start'>function.session-start</a>]: Cannot send session cache limiter - headers already sent (output started at /home/digitalspaghetti/workspace/pastemonkey/cake/basics.php:747) in [CORE/cake/libs/session.php, line 154]
2007-10-01 09:19:01 Warning: Warning (2): Cannot modify header information - headers already sent by (output started at /home/digitalspaghetti/workspace/pastemonkey/cake/basics.php:747) in [CORE/cake/libs/session.php, line 155]
2007-10-01 09:22:32 Warning: Warning (2): Invalid argument supplied for foreach() in [CORE/app/views/pastes/view.ctp, line 21]
2007-10-01 09:22:48 Warning: Warning (2): Invalid argument supplied for foreach() in [CORE/app/views/pastes/view.ctp, line 21]
2007-10-02 18:42:16 Warning: Warning (512): <span style = "color:Red;text-align:left"><b>SQL Error:</b> 1054: Unknown column 'Language.class' in 'field list'</span> in [CORE/cake/libs/model/datasources/dbo_source.php, line 463]
2007-10-02 18:42:16 Warning: Warning (2): Invalid argument supplied for foreach() in [CORE/app/views/pastes/index.ctp, line 9]
2007-10-02 18:47:00 Warning: Warning (2): session_start() [<a href='http://php.net/function.session-start'>function.session-start</a>]: Cannot send session cookie - headers already sent by (output started at /home/digitalspaghetti/workspace/pastemonkey/cake/basics.php:747) in [CORE/cake/libs/session.php, line 154]
2007-10-02 18:47:00 Warning: Warning (2): session_start() [<a href='http://php.net/function.session-start'>function.session-start</a>]: Cannot send session cache limiter - headers already sent (output started at /home/digitalspaghetti/workspace/pastemonkey/cake/basics.php:747) in [CORE/cake/libs/session.php, line 154]
2007-10-02 18:47:00 Warning: Warning (2): Cannot modify header information - headers already sent by (output started at /home/digitalspaghetti/workspace/pastemonkey/cake/basics.php:747) in [CORE/cake/libs/session.php, line 155]
2007-10-02 18:47:04 Warning: Warning (2): session_start() [<a href='http://php.net/function.session-start'>function.session-start</a>]: Cannot send session cookie - headers already sent by (output started at /home/digitalspaghetti/workspace/pastemonkey/cake/basics.php:747) in [CORE/cake/libs/session.php, line 154]
2007-10-02 18:47:04 Warning: Warning (2): session_start() [<a href='http://php.net/function.session-start'>function.session-start</a>]: Cannot send session cache limiter - headers already sent (output started at /home/digitalspaghetti/workspace/pastemonkey/cake/basics.php:747) in [CORE/cake/libs/session.php, line 154]
2007-10-02 18:47:04 Warning: Warning (2): Cannot modify header information - headers already sent by (output started at /home/digitalspaghetti/workspace/pastemonkey/cake/basics.php:747) in [CORE/cake/libs/session.php, line 155]
2007-10-02 18:47:46 Warning: Warning (2): Cannot modify header information - headers already sent by (output started at /home/digitalspaghetti/workspace/pastemonkey/cake/basics.php:1259) in [CORE/cake/libs/controller/controller.php, line 511]
2007-10-02 18:51:22 Warning: Warning (512): <span style = "color:Red;text-align:left"><b>SQL Error:</b> 1062: Duplicate entry '' for key 1</span> in [CORE/cake/libs/model/datasources/dbo_source.php, line 463]
2007-10-02 18:51:22 Warning: Warning (2): session_start() [<a href='http://php.net/function.session-start'>function.session-start</a>]: Cannot send session cookie - headers already sent by (output started at /home/digitalspaghetti/workspace/pastemonkey/cake/basics.php:893) in [CORE/cake/libs/session.php, line 154]
2007-10-02 18:51:22 Warning: Warning (2): session_start() [<a href='http://php.net/function.session-start'>function.session-start</a>]: Cannot send session cache limiter - headers already sent (output started at /home/digitalspaghetti/workspace/pastemonkey/cake/basics.php:893) in [CORE/cake/libs/session.php, line 154]
2007-10-02 18:51:22 Warning: Warning (2): Cannot modify header information - headers already sent by (output started at /home/digitalspaghetti/workspace/pastemonkey/cake/basics.php:893) in [CORE/cake/libs/session.php, line 155]
2007-10-02 18:52:35 Warning: Warning (2): Cannot modify header information - headers already sent by (output started at /home/digitalspaghetti/workspace/pastemonkey/cake/basics.php:1259) in [CORE/cake/libs/controller/controller.php, line 511]
2007-10-02 18:55:23 Warning: Warning (2): Cannot modify header information - headers already sent by (output started at /home/digitalspaghetti/workspace/pastemonkey/cake/basics.php:1259) in [CORE/cake/libs/controller/controller.php, line 511]
2007-10-03 08:06:36 Warning: Warning (2): mkdir() [<a href='http://php.net/function.mkdir'>function.mkdir</a>]: Permission denied in [CORE/cake/libs/folder.php, line 440]
2007-10-03 08:06:37 Warning: Warning (512): Base directory /home/digitalspaghetti/workspace/pastemonkey/app/uploads/ doesn't exist and cannot be created. UploadBehavior::setup in [CORE/app/models/behaviors/upload.php, line 39]
2007-10-03 08:09:03 Warning: Warning (2): preg_match() [<a href='http://php.net/function.preg-match'>function.preg-match</a>]: Delimiter must not be alphanumeric or backslash in [CORE/cake/libs/model/model.php, line 1674]
2007-10-03 08:09:04 Warning: Warning (2): session_start() [<a href='http://php.net/function.session-start'>function.session-start</a>]: Cannot send session cookie - headers already sent by (output started at /home/digitalspaghetti/workspace/pastemonkey/cake/basics.php:747) in [CORE/cake/libs/session.php, line 154]
2007-10-03 08:09:04 Warning: Warning (2): session_start() [<a href='http://php.net/function.session-start'>function.session-start</a>]: Cannot send session cache limiter - headers already sent (output started at /home/digitalspaghetti/workspace/pastemonkey/cake/basics.php:747) in [CORE/cake/libs/session.php, line 154]
2007-10-03 08:09:04 Warning: Warning (2): Cannot modify header information - headers already sent by (output started at /home/digitalspaghetti/workspace/pastemonkey/cake/basics.php:747) in [CORE/cake/libs/session.php, line 155]
2007-10-03 08:11:30 Warning: Warning (2): preg_match() [<a href='http://php.net/function.preg-match'>function.preg-match</a>]: Delimiter must not be alphanumeric or backslash in [CORE/cake/libs/model/model.php, line 1674]
2007-10-03 08:11:30 Warning: Warning (2): session_start() [<a href='http://php.net/function.session-start'>function.session-start</a>]: Cannot send session cookie - headers already sent by (output started at /home/digitalspaghetti/workspace/pastemonkey/cake/basics.php:747) in [CORE/cake/libs/session.php, line 154]
2007-10-03 08:11:30 Warning: Warning (2): session_start() [<a href='http://php.net/function.session-start'>function.session-start</a>]: Cannot send session cache limiter - headers already sent (output started at /home/digitalspaghetti/workspace/pastemonkey/cake/basics.php:747) in [CORE/cake/libs/session.php, line 154]
2007-10-03 08:11:30 Warning: Warning (2): Cannot modify header information - headers already sent by (output started at /home/digitalspaghetti/workspace/pastemonkey/cake/basics.php:747) in [CORE/cake/libs/session.php, line 155]
2007-10-03 08:20:11 Warning: Warning (2): Cannot modify header information - headers already sent by (output started at /home/digitalspaghetti/workspace/pastemonkey/cake/basics.php:933) in [CORE/app/views/pastes/download.ctp, line 2]
2007-10-03 08:20:11 Warning: Warning (2): Cannot modify header information - headers already sent by (output started at /home/digitalspaghetti/workspace/pastemonkey/cake/basics.php:933) in [CORE/app/views/pastes/download.ctp, line 3]
2007-10-03 08:20:56 Warning: Warning (2): Cannot modify header information - headers already sent by (output started at /home/digitalspaghetti/workspace/pastemonkey/cake/basics.php:747) in [CORE/app/views/pastes/download.ctp, line 2]
2007-10-03 08:20:56 Warning: Warning (2): Cannot modify header information - headers already sent by (output started at /home/digitalspaghetti/workspace/pastemonkey/cake/basics.php:747) in [CORE/app/views/pastes/download.ctp, line 3]
2007-10-03 08:42:11 Warning: Warning (2): Missing argument 2 for PastesController::diff() in [CORE/app/controllers/pastes_controller.php, line 188]
2007-10-03 08:42:11 Warning: Warning (2): Cannot modify header information - headers already sent by (output started at /home/digitalspaghetti/workspace/pastemonkey/cake/basics.php:747) in [CORE/app/views/pastes/diff.ctp, line 2]
2007-10-03 08:42:11 Warning: Warning (2): Cannot modify header information - headers already sent by (output started at /home/digitalspaghetti/workspace/pastemonkey/cake/basics.php:747) in [CORE/app/views/pastes/diff.ctp, line 3]
2007-10-03 08:50:52 Warning: Warning (2): unlink(/home/digitalspaghetti/workspace/pastemonkey/app/uploads//) [<a href='http://php.net/function.unlink'>function.unlink</a>]: Is a directory in [CORE/app/models/behaviors/upload.php, line 79]
2007-10-03 08:51:20 Warning: Warning (2): unlink(/home/digitalspaghetti/workspace/pastemonkey/app/uploads//) [<a href='http://php.net/function.unlink'>function.unlink</a>]: Is a directory in [CORE/app/models/behaviors/upload.php, line 79]
2007-10-03 08:51:46 Warning: Warning (2): unlink(/home/digitalspaghetti/workspace/pastemonkey/app/uploads//) [<a href='http://php.net/function.unlink'>function.unlink</a>]: Is a directory in [CORE/app/models/behaviors/upload.php, line 79]
2007-10-03 08:52:15 Warning: Warning (2): unlink(/home/digitalspaghetti/workspace/pastemonkey/app/uploads//) [<a href='http://php.net/function.unlink'>function.unlink</a>]: Is a directory in [CORE/app/models/behaviors/upload.php, line 79]
2007-10-03 08:53:27 Warning: Warning (2): unlink(/home/digitalspaghetti/workspace/pastemonkey/app/uploads//) [<a href='http://php.net/function.unlink'>function.unlink</a>]: Is a directory in [CORE/app/models/behaviors/upload.php, line 79]
2007-10-05 08:33:59 Warning: Warning (512): <span style = "color:Red;text-align:left"><b>SQL Error:</b> 1054: Unknown column 'Paste.filename' in 'field list'</span> in [CORE/cake/libs/model/datasources/dbo_source.php, line 437]
2007-10-05 08:33:59 Warning: Warning (2): unlink(/home/digitalspaghetti/workspace/pastemonkey/app/uploads/) [<a href='http://php.net/function.unlink'>function.unlink</a>]: Is a directory in [CORE/app/models/behaviors/upload.php, line 79]
2007-10-05 08:34:01 Warning: Warning (2): session_start() [<a href='http://php.net/function.session-start'>function.session-start</a>]: Cannot send session cookie - headers already sent by (output started at /home/digitalspaghetti/workspace/pastemonkey/cake/basics.php:920) in [CORE/cake/libs/session.php, line 155]
2007-10-05 08:34:01 Warning: Warning (2): session_start() [<a href='http://php.net/function.session-start'>function.session-start</a>]: Cannot send session cache limiter - headers already sent (output started at /home/digitalspaghetti/workspace/pastemonkey/cake/basics.php:920) in [CORE/cake/libs/session.php, line 155]
2007-10-05 08:34:01 Warning: Warning (2): Cannot modify header information - headers already sent by (output started at /home/digitalspaghetti/workspace/pastemonkey/cake/basics.php:920) in [CORE/cake/libs/session.php, line 156]
2007-10-05 08:35:32 Warning: Warning (512): <span style = "color:Red;text-align:left"><b>SQL Error:</b> 1054: Unknown column 'Paste.filename' in 'field list'</span> in [CORE/cake/libs/model/datasources/dbo_source.php, line 437]
2007-10-05 08:35:32 Warning: Warning (2): unlink(/home/digitalspaghetti/workspace/pastemonkey/app/uploads/) [<a href='http://php.net/function.unlink'>function.unlink</a>]: Is a directory in [CORE/app/models/behaviors/upload.php, line 79]
2007-10-05 08:35:35 Warning: Warning (512): <span style = "color:Red;text-align:left"><b>SQL Error:</b> 1054: Unknown column 'Paste.filename' in 'field list'</span> in [CORE/cake/libs/model/datasources/dbo_source.php, line 437]
2007-10-05 08:35:35 Warning: Warning (2): unlink(/home/digitalspaghetti/workspace/pastemonkey/app/uploads/) [<a href='http://php.net/function.unlink'>function.unlink</a>]: Is a directory in [CORE/app/models/behaviors/upload.php, line 79]
2007-10-05 08:37:26 Warning: Warning (2): Cannot modify header information - headers already sent by (output started at /home/digitalspaghetti/workspace/pastemonkey/cake/basics.php:1269) in [CORE/cake/libs/controller/controller.php, line 493]
2007-10-05 08:39:33 Warning: Warning (2): Cannot modify header information - headers already sent by (output started at /home/digitalspaghetti/workspace/pastemonkey/cake/basics.php:1269) in [CORE/cake/libs/controller/controller.php, line 493]
2007-10-05 08:54:01 Warning: Warning (2): Missing argument 1 for PastesController::find() in [CORE/app/controllers/pastes_controller.php, line 210]
2007-10-05 08:54:02 Warning: Warning (2): session_start() [<a href='http://php.net/function.session-start'>function.session-start</a>]: Cannot send session cookie - headers already sent by (output started at /home/digitalspaghetti/workspace/pastemonkey/cake/basics.php:774) in [CORE/cake/libs/session.php, line 155]
2007-10-05 08:54:02 Warning: Warning (2): session_start() [<a href='http://php.net/function.session-start'>function.session-start</a>]: Cannot send session cache limiter - headers already sent (output started at /home/digitalspaghetti/workspace/pastemonkey/cake/basics.php:774) in [CORE/cake/libs/session.php, line 155]
2007-10-05 08:54:02 Warning: Warning (2): Cannot modify header information - headers already sent by (output started at /home/digitalspaghetti/workspace/pastemonkey/cake/basics.php:774) in [CORE/cake/libs/session.php, line 156]
